  main.cpp
C:\Users\denys\Dropbox\FlappyGL\FlappyGL\main.cpp(86,36): warning C4305:  'argumento': truncamento de 'double' para 'GLclampf'
C:\Users\denys\Dropbox\FlappyGL\FlappyGL\main.cpp(96,12): warning C4244:  'argumento': conversão de 'double' para 'GLfloat', possível perda de dados
C:\Users\denys\Dropbox\FlappyGL\FlappyGL\main.cpp(101,22): warning C4244:  'argumento': conversão de 'double' para 'GLfloat', possível perda de dados
C:\Users\denys\Dropbox\FlappyGL\FlappyGL\main.cpp(121,33): warning C4305:  'argumento': truncamento de 'double' para 'GLfloat'
C:\Users\denys\Dropbox\FlappyGL\FlappyGL\main.cpp(172,22): warning C4244:  'argumento': conversão de 'double' para 'GLfloat', possível perda de dados
C:\Users\denys\Dropbox\FlappyGL\FlappyGL\main.cpp(237,12): warning C4244:  'argumento': conversão de 'double' para 'GLfloat', possível perda de dados
C:\Users\denys\Dropbox\FlappyGL\FlappyGL\main.cpp(240,32): warning C4305:  'argumento': truncamento de 'double' para 'GLfloat'
C:\Users\denys\Dropbox\FlappyGL\FlappyGL\main.cpp(242,22): warning C4244:  'argumento': conversão de 'double' para 'GLfloat', possível perda de dados
C:\Users\denys\Dropbox\FlappyGL\FlappyGL\main.cpp(246,33): warning C4305:  'argumento': truncamento de 'double' para 'GLfloat'
C:\Users\denys\Dropbox\FlappyGL\FlappyGL\main.cpp(286,33): warning C4305:  'argumento': truncamento de 'double' para 'GLfloat'
C:\Users\denys\Dropbox\FlappyGL\FlappyGL\main.cpp(310,30): warning C4244:  'argumento': conversão de 'double' para 'GLfloat', possível perda de dados
C:\Users\denys\Dropbox\FlappyGL\FlappyGL\main.cpp(378,30): warning C4244:  'argumento': conversão de 'double' para 'GLfloat', possível perda de dados
C:\Users\denys\Dropbox\FlappyGL\FlappyGL\main.cpp(378,24): warning C4244:  'argumento': conversão de 'double' para 'GLfloat', possível perda de dados
C:\Users\denys\Dropbox\FlappyGL\FlappyGL\main.cpp(378,18): warning C4244:  'argumento': conversão de 'double' para 'GLfloat', possível perda de dados
C:\Users\denys\Dropbox\FlappyGL\FlappyGL\main.cpp(378,12): warning C4244:  'argumento': conversão de 'double' para 'GLfloat', possível perda de dados
C:\Users\denys\Dropbox\FlappyGL\FlappyGL\main.cpp(380,43): warning C4244:  'argumento': conversão de 'double' para 'GLint', possível perda de dados
C:\Users\denys\Dropbox\FlappyGL\FlappyGL\main.cpp(380,25): warning C4244:  'argumento': conversão de 'double' para 'GLint', possível perda de dados
C:\Users\denys\Dropbox\FlappyGL\FlappyGL\main.cpp(381,43): warning C4244:  'argumento': conversão de 'double' para 'GLint', possível perda de dados
C:\Users\denys\Dropbox\FlappyGL\FlappyGL\main.cpp(381,25): warning C4244:  'argumento': conversão de 'double' para 'GLint', possível perda de dados
C:\Users\denys\Dropbox\FlappyGL\FlappyGL\main.cpp(382,43): warning C4244:  'argumento': conversão de 'double' para 'GLint', possível perda de dados
C:\Users\denys\Dropbox\FlappyGL\FlappyGL\main.cpp(382,25): warning C4244:  'argumento': conversão de 'double' para 'GLint', possível perda de dados
C:\Users\denys\Dropbox\FlappyGL\FlappyGL\main.cpp(383,43): warning C4244:  'argumento': conversão de 'double' para 'GLint', possível perda de dados
C:\Users\denys\Dropbox\FlappyGL\FlappyGL\main.cpp(383,25): warning C4244:  'argumento': conversão de 'double' para 'GLint', possível perda de dados
C:\Users\denys\Dropbox\FlappyGL\FlappyGL\main.cpp(384,43): warning C4244:  'argumento': conversão de 'double' para 'GLint', possível perda de dados
C:\Users\denys\Dropbox\FlappyGL\FlappyGL\main.cpp(384,25): warning C4244:  'argumento': conversão de 'double' para 'GLint', possível perda de dados
C:\Users\denys\Dropbox\FlappyGL\FlappyGL\main.cpp(385,43): warning C4244:  'argumento': conversão de 'double' para 'GLint', possível perda de dados
C:\Users\denys\Dropbox\FlappyGL\FlappyGL\main.cpp(385,25): warning C4244:  'argumento': conversão de 'double' para 'GLint', possível perda de dados
C:\Users\denys\Dropbox\FlappyGL\FlappyGL\main.cpp(386,43): warning C4244:  'argumento': conversão de 'double' para 'GLint', possível perda de dados
C:\Users\denys\Dropbox\FlappyGL\FlappyGL\main.cpp(386,25): warning C4244:  'argumento': conversão de 'double' para 'GLint', possível perda de dados
C:\Users\denys\Dropbox\FlappyGL\FlappyGL\main.cpp(387,43): warning C4244:  'argumento': conversão de 'double' para 'GLint', possível perda de dados
C:\Users\denys\Dropbox\FlappyGL\FlappyGL\main.cpp(387,25): warning C4244:  'argumento': conversão de 'double' para 'GLint', possível perda de dados
C:\Users\denys\Dropbox\FlappyGL\FlappyGL\main.cpp(388,43): warning C4244:  'argumento': conversão de 'double' para 'GLint', possível perda de dados
C:\Users\denys\Dropbox\FlappyGL\FlappyGL\main.cpp(388,25): warning C4244:  'argumento': conversão de 'double' para 'GLint', possível perda de dados
C:\Users\denys\Dropbox\FlappyGL\FlappyGL\main.cpp(389,43): warning C4244:  'argumento': conversão de 'double' para 'GLint', possível perda de dados
C:\Users\denys\Dropbox\FlappyGL\FlappyGL\main.cpp(389,25): warning C4244:  'argumento': conversão de 'double' para 'GLint', possível perda de dados
C:\Users\denys\Dropbox\FlappyGL\FlappyGL\main.cpp(390,43): warning C4244:  'argumento': conversão de 'double' para 'GLint', possível perda de dados
C:\Users\denys\Dropbox\FlappyGL\FlappyGL\main.cpp(390,25): warning C4244:  'argumento': conversão de 'double' para 'GLint', possível perda de dados
C:\Users\denys\Dropbox\FlappyGL\FlappyGL\main.cpp(391,43): warning C4244:  'argumento': conversão de 'double' para 'GLint', possível perda de dados
C:\Users\denys\Dropbox\FlappyGL\FlappyGL\main.cpp(391,25): warning C4244:  'argumento': conversão de 'double' para 'GLint', possível perda de dados
C:\Users\denys\Dropbox\FlappyGL\FlappyGL\main.cpp(392,43): warning C4244:  'argumento': conversão de 'double' para 'GLint', possível perda de dados
C:\Users\denys\Dropbox\FlappyGL\FlappyGL\main.cpp(392,25): warning C4244:  'argumento': conversão de 'double' para 'GLint', possível perda de dados
C:\Users\denys\Dropbox\FlappyGL\FlappyGL\main.cpp(393,43): warning C4244:  'argumento': conversão de 'double' para 'GLint', possível perda de dados
C:\Users\denys\Dropbox\FlappyGL\FlappyGL\main.cpp(393,25): warning C4244:  'argumento': conversão de 'double' para 'GLint', possível perda de dados
C:\Users\denys\Dropbox\FlappyGL\FlappyGL\main.cpp(394,43): warning C4244:  'argumento': conversão de 'double' para 'GLint', possível perda de dados
C:\Users\denys\Dropbox\FlappyGL\FlappyGL\main.cpp(394,25): warning C4244:  'argumento': conversão de 'double' para 'GLint', possível perda de dados
C:\Users\denys\Dropbox\FlappyGL\FlappyGL\main.cpp(395,42): warning C4244:  'argumento': conversão de 'double' para 'GLint', possível perda de dados
C:\Users\denys\Dropbox\FlappyGL\FlappyGL\main.cpp(395,25): warning C4244:  'argumento': conversão de 'double' para 'GLint', possível perda de dados
C:\Users\denys\Dropbox\FlappyGL\FlappyGL\main.cpp(396,42): warning C4244:  'argumento': conversão de 'double' para 'GLint', possível perda de dados
C:\Users\denys\Dropbox\FlappyGL\FlappyGL\main.cpp(396,25): warning C4244:  'argumento': conversão de 'double' para 'GLint', possível perda de dados
C:\Users\denys\Dropbox\FlappyGL\FlappyGL\main.cpp(397,42): warning C4244:  'argumento': conversão de 'double' para 'GLint', possível perda de dados
C:\Users\denys\Dropbox\FlappyGL\FlappyGL\main.cpp(397,25): warning C4244:  'argumento': conversão de 'double' para 'GLint', possível perda de dados
C:\Users\denys\Dropbox\FlappyGL\FlappyGL\main.cpp(398,42): warning C4244:  'argumento': conversão de 'double' para 'GLint', possível perda de dados
C:\Users\denys\Dropbox\FlappyGL\FlappyGL\main.cpp(398,25): warning C4244:  'argumento': conversão de 'double' para 'GLint', possível perda de dados
C:\Users\denys\Dropbox\FlappyGL\FlappyGL\main.cpp(399,42): warning C4244:  'argumento': conversão de 'double' para 'GLint', possível perda de dados
C:\Users\denys\Dropbox\FlappyGL\FlappyGL\main.cpp(399,25): warning C4244:  'argumento': conversão de 'double' para 'GLint', possível perda de dados
C:\Users\denys\Dropbox\FlappyGL\FlappyGL\main.cpp(400,42): warning C4244:  'argumento': conversão de 'double' para 'GLint', possível perda de dados
C:\Users\denys\Dropbox\FlappyGL\FlappyGL\main.cpp(400,25): warning C4244:  'argumento': conversão de 'double' para 'GLint', possível perda de dados
C:\Users\denys\Dropbox\FlappyGL\FlappyGL\main.cpp(401,38): warning C4244:  'argumento': conversão de 'double' para 'GLint', possível perda de dados
C:\Users\denys\Dropbox\FlappyGL\FlappyGL\main.cpp(401,13): warning C4244:  'argumento': conversão de 'double' para 'GLint', possível perda de dados
C:\Users\denys\Dropbox\FlappyGL\FlappyGL\main.cpp(402,26): warning C4244:  'argumento': conversão de 'double' para 'GLint', possível perda de dados
C:\Users\denys\Dropbox\FlappyGL\FlappyGL\main.cpp(402,13): warning C4244:  'argumento': conversão de 'double' para 'GLint', possível perda de dados
C:\Users\denys\Dropbox\FlappyGL\FlappyGL\main.cpp(403,26): warning C4244:  'argumento': conversão de 'double' para 'GLint', possível perda de dados
C:\Users\denys\Dropbox\FlappyGL\FlappyGL\main.cpp(403,13): warning C4244:  'argumento': conversão de 'double' para 'GLint', possível perda de dados
C:\Users\denys\Dropbox\FlappyGL\FlappyGL\main.cpp(404,26): warning C4244:  'argumento': conversão de 'double' para 'GLint', possível perda de dados
C:\Users\denys\Dropbox\FlappyGL\FlappyGL\main.cpp(404,13): warning C4244:  'argumento': conversão de 'double' para 'GLint', possível perda de dados
C:\Users\denys\Dropbox\FlappyGL\FlappyGL\main.cpp(405,26): warning C4244:  'argumento': conversão de 'double' para 'GLint', possível perda de dados
C:\Users\denys\Dropbox\FlappyGL\FlappyGL\main.cpp(405,13): warning C4244:  'argumento': conversão de 'double' para 'GLint', possível perda de dados
C:\Users\denys\Dropbox\FlappyGL\FlappyGL\main.cpp(406,26): warning C4244:  'argumento': conversão de 'double' para 'GLint', possível perda de dados
C:\Users\denys\Dropbox\FlappyGL\FlappyGL\main.cpp(406,13): warning C4244:  'argumento': conversão de 'double' para 'GLint', possível perda de dados
C:\Users\denys\Dropbox\FlappyGL\FlappyGL\main.cpp(407,26): warning C4244:  'argumento': conversão de 'double' para 'GLint', possível perda de dados
C:\Users\denys\Dropbox\FlappyGL\FlappyGL\main.cpp(407,13): warning C4244:  'argumento': conversão de 'double' para 'GLint', possível perda de dados
C:\Users\denys\Dropbox\FlappyGL\FlappyGL\main.cpp(408,38): warning C4244:  'argumento': conversão de 'double' para 'GLint', possível perda de dados
C:\Users\denys\Dropbox\FlappyGL\FlappyGL\main.cpp(408,13): warning C4244:  'argumento': conversão de 'double' para 'GLint', possível perda de dados
C:\Users\denys\Dropbox\FlappyGL\FlappyGL\main.cpp(409,38): warning C4244:  'argumento': conversão de 'double' para 'GLint', possível perda de dados
C:\Users\denys\Dropbox\FlappyGL\FlappyGL\main.cpp(409,13): warning C4244:  'argumento': conversão de 'double' para 'GLint', possível perda de dados
C:\Users\denys\Dropbox\FlappyGL\FlappyGL\main.cpp(417,43): warning C4244:  'argumento': conversão de 'double' para 'GLint', possível perda de dados
C:\Users\denys\Dropbox\FlappyGL\FlappyGL\main.cpp(417,25): warning C4244:  'argumento': conversão de 'double' para 'GLint', possível perda de dados
C:\Users\denys\Dropbox\FlappyGL\FlappyGL\main.cpp(418,43): warning C4244:  'argumento': conversão de 'double' para 'GLint', possível perda de dados
C:\Users\denys\Dropbox\FlappyGL\FlappyGL\main.cpp(418,25): warning C4244:  'argumento': conversão de 'double' para 'GLint', possível perda de dados
C:\Users\denys\Dropbox\FlappyGL\FlappyGL\main.cpp(419,43): warning C4244:  'argumento': conversão de 'double' para 'GLint', possível perda de dados
C:\Users\denys\Dropbox\FlappyGL\FlappyGL\main.cpp(419,25): warning C4244:  'argumento': conversão de 'double' para 'GLint', possível perda de dados
C:\Users\denys\Dropbox\FlappyGL\FlappyGL\main.cpp(420,43): warning C4244:  'argumento': conversão de 'double' para 'GLint', possível perda de dados
C:\Users\denys\Dropbox\FlappyGL\FlappyGL\main.cpp(420,25): warning C4244:  'argumento': conversão de 'double' para 'GLint', possível perda de dados
C:\Users\denys\Dropbox\FlappyGL\FlappyGL\main.cpp(421,43): warning C4244:  'argumento': conversão de 'double' para 'GLint', possível perda de dados
C:\Users\denys\Dropbox\FlappyGL\FlappyGL\main.cpp(421,25): warning C4244:  'argumento': conversão de 'double' para 'GLint', possível perda de dados
C:\Users\denys\Dropbox\FlappyGL\FlappyGL\main.cpp(422,43): warning C4244:  'argumento': conversão de 'double' para 'GLint', possível perda de dados
C:\Users\denys\Dropbox\FlappyGL\FlappyGL\main.cpp(422,25): warning C4244:  'argumento': conversão de 'double' para 'GLint', possível perda de dados
C:\Users\denys\Dropbox\FlappyGL\FlappyGL\main.cpp(423,43): warning C4244:  'argumento': conversão de 'double' para 'GLint', possível perda de dados
C:\Users\denys\Dropbox\FlappyGL\FlappyGL\main.cpp(423,25): warning C4244:  'argumento': conversão de 'double' para 'GLint', possível perda de dados
C:\Users\denys\Dropbox\FlappyGL\FlappyGL\main.cpp(424,43): warning C4244:  'argumento': conversão de 'double' para 'GLint', possível perda de dados
C:\Users\denys\Dropbox\FlappyGL\FlappyGL\main.cpp(424,25): warning C4244:  'argumento': conversão de 'double' para 'GLint', possível perda de dados
C:\Users\denys\Dropbox\FlappyGL\FlappyGL\main.cpp(425,43): warning C4244:  'argumento': conversão de 'double' para 'GLint', possível perda de dados
C:\Users\denys\Dropbox\FlappyGL\FlappyGL\main.cpp(425,25): warning C4244:  'argumento': conversão de 'double' para 'GLint', possível perda de dados
C:\Users\denys\Dropbox\FlappyGL\FlappyGL\main.cpp(426,43): warning C4244:  'argumento': conversão de 'double' para 'GLint', possível perda de dados
C:\Users\denys\Dropbox\FlappyGL\FlappyGL\main.cpp(426,25): warning C4244:  'argumento': conversão de 'double' para 'GLint', possível perda de dados
C:\Users\denys\Dropbox\FlappyGL\FlappyGL\main.cpp(427,43): warning C4244:  'argumento': conversão de 'double' para 'GLint', possível perda de dados
C:\Users\denys\Dropbox\FlappyGL\FlappyGL\main.cpp(427,25): warning C4244:  'argumento': conversão de 'double' para 'GLint', possível perda de dados
C:\Users\denys\Dropbox\FlappyGL\FlappyGL\main.cpp(428,43): warning C4244:  'argumento': conversão de 'double' para 'GLint', possível perda de dados
C:\Users\denys\Dropbox\FlappyGL\FlappyGL\main.cpp(428,25): warning C4244:  'argumento': conversão de 'double' para 'GLint', possível perda de dados
C:\Users\denys\Dropbox\FlappyGL\FlappyGL\main.cpp(429,43): warning C4244:  'argumento': conversão de 'double' para 'GLint', possível perda de dados
C:\Users\denys\Dropbox\FlappyGL\FlappyGL\main.cpp(429,25): warning C4244:  'argumento': conversão de 'double' para 'GLint', possível perda de dados
C:\Users\denys\Dropbox\FlappyGL\FlappyGL\main.cpp(430,43): warning C4244:  'argumento': conversão de 'double' para 'GLint', possível perda de dados
C:\Users\denys\Dropbox\FlappyGL\FlappyGL\main.cpp(430,25): warning C4244:  'argumento': conversão de 'double' para 'GLint', possível perda de dados
C:\Users\denys\Dropbox\FlappyGL\FlappyGL\main.cpp(431,43): warning C4244:  'argumento': conversão de 'double' para 'GLint', possível perda de dados
C:\Users\denys\Dropbox\FlappyGL\FlappyGL\main.cpp(431,25): warning C4244:  'argumento': conversão de 'double' para 'GLint', possível perda de dados
C:\Users\denys\Dropbox\FlappyGL\FlappyGL\main.cpp(432,42): warning C4244:  'argumento': conversão de 'double' para 'GLint', possível perda de dados
C:\Users\denys\Dropbox\FlappyGL\FlappyGL\main.cpp(432,25): warning C4244:  'argumento': conversão de 'double' para 'GLint', possível perda de dados
C:\Users\denys\Dropbox\FlappyGL\FlappyGL\main.cpp(433,42): warning C4244:  'argumento': conversão de 'double' para 'GLint', possível perda de dados
C:\Users\denys\Dropbox\FlappyGL\FlappyGL\main.cpp(433,25): warning C4244:  'argumento': conversão de 'double' para 'GLint', possível perda de dados
C:\Users\denys\Dropbox\FlappyGL\FlappyGL\main.cpp(434,42): warning C4244:  'argumento': conversão de 'double' para 'GLint', possível perda de dados
C:\Users\denys\Dropbox\FlappyGL\FlappyGL\main.cpp(434,25): warning C4244:  'argumento': conversão de 'double' para 'GLint', possível perda de dados
C:\Users\denys\Dropbox\FlappyGL\FlappyGL\main.cpp(435,42): warning C4244:  'argumento': conversão de 'double' para 'GLint', possível perda de dados
C:\Users\denys\Dropbox\FlappyGL\FlappyGL\main.cpp(435,25): warning C4244:  'argumento': conversão de 'double' para 'GLint', possível perda de dados
C:\Users\denys\Dropbox\FlappyGL\FlappyGL\main.cpp(436,42): warning C4244:  'argumento': conversão de 'double' para 'GLint', possível perda de dados
C:\Users\denys\Dropbox\FlappyGL\FlappyGL\main.cpp(436,25): warning C4244:  'argumento': conversão de 'double' para 'GLint', possível perda de dados
C:\Users\denys\Dropbox\FlappyGL\FlappyGL\main.cpp(437,42): warning C4244:  'argumento': conversão de 'double' para 'GLint', possível perda de dados
C:\Users\denys\Dropbox\FlappyGL\FlappyGL\main.cpp(437,25): warning C4244:  'argumento': conversão de 'double' para 'GLint', possível perda de dados
C:\Users\denys\Dropbox\FlappyGL\FlappyGL\main.cpp(438,38): warning C4244:  'argumento': conversão de 'double' para 'GLint', possível perda de dados
C:\Users\denys\Dropbox\FlappyGL\FlappyGL\main.cpp(438,13): warning C4244:  'argumento': conversão de 'double' para 'GLint', possível perda de dados
C:\Users\denys\Dropbox\FlappyGL\FlappyGL\main.cpp(439,26): warning C4244:  'argumento': conversão de 'double' para 'GLint', possível perda de dados
C:\Users\denys\Dropbox\FlappyGL\FlappyGL\main.cpp(439,13): warning C4244:  'argumento': conversão de 'double' para 'GLint', possível perda de dados
C:\Users\denys\Dropbox\FlappyGL\FlappyGL\main.cpp(440,26): warning C4244:  'argumento': conversão de 'double' para 'GLint', possível perda de dados
C:\Users\denys\Dropbox\FlappyGL\FlappyGL\main.cpp(440,13): warning C4244:  'argumento': conversão de 'double' para 'GLint', possível perda de dados
C:\Users\denys\Dropbox\FlappyGL\FlappyGL\main.cpp(441,26): warning C4244:  'argumento': conversão de 'double' para 'GLint', possível perda de dados
C:\Users\denys\Dropbox\FlappyGL\FlappyGL\main.cpp(441,13): warning C4244:  'argumento': conversão de 'double' para 'GLint', possível perda de dados
C:\Users\denys\Dropbox\FlappyGL\FlappyGL\main.cpp(442,26): warning C4244:  'argumento': conversão de 'double' para 'GLint', possível perda de dados
C:\Users\denys\Dropbox\FlappyGL\FlappyGL\main.cpp(442,13): warning C4244:  'argumento': conversão de 'double' para 'GLint', possível perda de dados
C:\Users\denys\Dropbox\FlappyGL\FlappyGL\main.cpp(443,26): warning C4244:  'argumento': conversão de 'double' para 'GLint', possível perda de dados
C:\Users\denys\Dropbox\FlappyGL\FlappyGL\main.cpp(443,13): warning C4244:  'argumento': conversão de 'double' para 'GLint', possível perda de dados
C:\Users\denys\Dropbox\FlappyGL\FlappyGL\main.cpp(444,26): warning C4244:  'argumento': conversão de 'double' para 'GLint', possível perda de dados
C:\Users\denys\Dropbox\FlappyGL\FlappyGL\main.cpp(444,13): warning C4244:  'argumento': conversão de 'double' para 'GLint', possível perda de dados
C:\Users\denys\Dropbox\FlappyGL\FlappyGL\main.cpp(445,38): warning C4244:  'argumento': conversão de 'double' para 'GLint', possível perda de dados
C:\Users\denys\Dropbox\FlappyGL\FlappyGL\main.cpp(445,13): warning C4244:  'argumento': conversão de 'double' para 'GLint', possível perda de dados
C:\Users\denys\Dropbox\FlappyGL\FlappyGL\main.cpp(446,38): warning C4244:  'argumento': conversão de 'double' para 'GLint', possível perda de dados
C:\Users\denys\Dropbox\FlappyGL\FlappyGL\main.cpp(446,13): warning C4244:  'argumento': conversão de 'double' para 'GLint', possível perda de dados
C:\Users\denys\Dropbox\FlappyGL\FlappyGL\main.cpp(455,38): warning C4244:  'argumento': conversão de 'double' para 'GLint', possível perda de dados
C:\Users\denys\Dropbox\FlappyGL\FlappyGL\main.cpp(455,13): warning C4244:  'argumento': conversão de 'double' para 'GLint', possível perda de dados
C:\Users\denys\Dropbox\FlappyGL\FlappyGL\main.cpp(456,42): warning C4244:  'argumento': conversão de 'double' para 'GLint', possível perda de dados
C:\Users\denys\Dropbox\FlappyGL\FlappyGL\main.cpp(456,25): warning C4244:  'argumento': conversão de 'double' para 'GLint', possível perda de dados
C:\Users\denys\Dropbox\FlappyGL\FlappyGL\main.cpp(457,57): warning C4244:  'argumento': conversão de 'double' para 'GLint', possível perda de dados
C:\Users\denys\Dropbox\FlappyGL\FlappyGL\main.cpp(457,29): warning C4244:  'argumento': conversão de 'double' para 'GLint', possível perda de dados
C:\Users\denys\Dropbox\FlappyGL\FlappyGL\main.cpp(458,53): warning C4244:  'argumento': conversão de 'double' para 'GLint', possível perda de dados
C:\Users\denys\Dropbox\FlappyGL\FlappyGL\main.cpp(458,25): warning C4244:  'argumento': conversão de 'double' para 'GLint', possível perda de dados
C:\Users\denys\Dropbox\FlappyGL\FlappyGL\main.cpp(464,38): warning C4244:  'argumento': conversão de 'double' para 'GLint', possível perda de dados
C:\Users\denys\Dropbox\FlappyGL\FlappyGL\main.cpp(464,13): warning C4244:  'argumento': conversão de 'double' para 'GLint', possível perda de dados
C:\Users\denys\Dropbox\FlappyGL\FlappyGL\main.cpp(465,42): warning C4244:  'argumento': conversão de 'double' para 'GLint', possível perda de dados
C:\Users\denys\Dropbox\FlappyGL\FlappyGL\main.cpp(465,25): warning C4244:  'argumento': conversão de 'double' para 'GLint', possível perda de dados
C:\Users\denys\Dropbox\FlappyGL\FlappyGL\main.cpp(466,57): warning C4244:  'argumento': conversão de 'double' para 'GLint', possível perda de dados
C:\Users\denys\Dropbox\FlappyGL\FlappyGL\main.cpp(466,29): warning C4244:  'argumento': conversão de 'double' para 'GLint', possível perda de dados
C:\Users\denys\Dropbox\FlappyGL\FlappyGL\main.cpp(467,53): warning C4244:  'argumento': conversão de 'double' para 'GLint', possível perda de dados
C:\Users\denys\Dropbox\FlappyGL\FlappyGL\main.cpp(467,25): warning C4244:  'argumento': conversão de 'double' para 'GLint', possível perda de dados
C:\Users\denys\Dropbox\FlappyGL\FlappyGL\main.cpp(475,22): warning C4244:  'argumento': conversão de 'double' para 'GLint', possível perda de dados
C:\Users\denys\Dropbox\FlappyGL\FlappyGL\main.cpp(475,13): warning C4244:  'argumento': conversão de 'double' para 'GLint', possível perda de dados
C:\Users\denys\Dropbox\FlappyGL\FlappyGL\main.cpp(476,22): warning C4244:  'argumento': conversão de 'double' para 'GLint', possível perda de dados
C:\Users\denys\Dropbox\FlappyGL\FlappyGL\main.cpp(476,13): warning C4244:  'argumento': conversão de 'double' para 'GLint', possível perda de dados
C:\Users\denys\Dropbox\FlappyGL\FlappyGL\main.cpp(477,22): warning C4244:  'argumento': conversão de 'double' para 'GLint', possível perda de dados
C:\Users\denys\Dropbox\FlappyGL\FlappyGL\main.cpp(477,13): warning C4244:  'argumento': conversão de 'double' para 'GLint', possível perda de dados
C:\Users\denys\Dropbox\FlappyGL\FlappyGL\main.cpp(478,22): warning C4244:  'argumento': conversão de 'double' para 'GLint', possível perda de dados
C:\Users\denys\Dropbox\FlappyGL\FlappyGL\main.cpp(478,13): warning C4244:  'argumento': conversão de 'double' para 'GLint', possível perda de dados
C:\Users\denys\Dropbox\FlappyGL\FlappyGL\main.cpp(483,22): warning C4244:  'argumento': conversão de 'double' para 'GLint', possível perda de dados
C:\Users\denys\Dropbox\FlappyGL\FlappyGL\main.cpp(483,13): warning C4244:  'argumento': conversão de 'double' para 'GLint', possível perda de dados
C:\Users\denys\Dropbox\FlappyGL\FlappyGL\main.cpp(484,22): warning C4244:  'argumento': conversão de 'double' para 'GLint', possível perda de dados
C:\Users\denys\Dropbox\FlappyGL\FlappyGL\main.cpp(484,13): warning C4244:  'argumento': conversão de 'double' para 'GLint', possível perda de dados
C:\Users\denys\Dropbox\FlappyGL\FlappyGL\main.cpp(485,22): warning C4244:  'argumento': conversão de 'double' para 'GLint', possível perda de dados
C:\Users\denys\Dropbox\FlappyGL\FlappyGL\main.cpp(485,13): warning C4244:  'argumento': conversão de 'double' para 'GLint', possível perda de dados
C:\Users\denys\Dropbox\FlappyGL\FlappyGL\main.cpp(486,22): warning C4244:  'argumento': conversão de 'double' para 'GLint', possível perda de dados
C:\Users\denys\Dropbox\FlappyGL\FlappyGL\main.cpp(486,13): warning C4244:  'argumento': conversão de 'double' para 'GLint', possível perda de dados
C:\Users\denys\Dropbox\FlappyGL\FlappyGL\main.cpp(491,22): warning C4244:  'argumento': conversão de 'double' para 'GLint', possível perda de dados
C:\Users\denys\Dropbox\FlappyGL\FlappyGL\main.cpp(491,13): warning C4244:  'argumento': conversão de 'double' para 'GLint', possível perda de dados
C:\Users\denys\Dropbox\FlappyGL\FlappyGL\main.cpp(492,22): warning C4244:  'argumento': conversão de 'double' para 'GLint', possível perda de dados
C:\Users\denys\Dropbox\FlappyGL\FlappyGL\main.cpp(492,13): warning C4244:  'argumento': conversão de 'double' para 'GLint', possível perda de dados
C:\Users\denys\Dropbox\FlappyGL\FlappyGL\main.cpp(493,22): warning C4244:  'argumento': conversão de 'double' para 'GLint', possível perda de dados
C:\Users\denys\Dropbox\FlappyGL\FlappyGL\main.cpp(493,13): warning C4244:  'argumento': conversão de 'double' para 'GLint', possível perda de dados
C:\Users\denys\Dropbox\FlappyGL\FlappyGL\main.cpp(494,22): warning C4244:  'argumento': conversão de 'double' para 'GLint', possível perda de dados
C:\Users\denys\Dropbox\FlappyGL\FlappyGL\main.cpp(494,13): warning C4244:  'argumento': conversão de 'double' para 'GLint', possível perda de dados
C:\Users\denys\Dropbox\FlappyGL\FlappyGL\main.cpp(499,22): warning C4244:  'argumento': conversão de 'double' para 'GLint', possível perda de dados
C:\Users\denys\Dropbox\FlappyGL\FlappyGL\main.cpp(499,13): warning C4244:  'argumento': conversão de 'double' para 'GLint', possível perda de dados
C:\Users\denys\Dropbox\FlappyGL\FlappyGL\main.cpp(500,22): warning C4244:  'argumento': conversão de 'double' para 'GLint', possível perda de dados
C:\Users\denys\Dropbox\FlappyGL\FlappyGL\main.cpp(500,13): warning C4244:  'argumento': conversão de 'double' para 'GLint', possível perda de dados
C:\Users\denys\Dropbox\FlappyGL\FlappyGL\main.cpp(501,22): warning C4244:  'argumento': conversão de 'double' para 'GLint', possível perda de dados
C:\Users\denys\Dropbox\FlappyGL\FlappyGL\main.cpp(501,13): warning C4244:  'argumento': conversão de 'double' para 'GLint', possível perda de dados
C:\Users\denys\Dropbox\FlappyGL\FlappyGL\main.cpp(502,22): warning C4244:  'argumento': conversão de 'double' para 'GLint', possível perda de dados
C:\Users\denys\Dropbox\FlappyGL\FlappyGL\main.cpp(502,13): warning C4244:  'argumento': conversão de 'double' para 'GLint', possível perda de dados
C:\Users\denys\Dropbox\FlappyGL\FlappyGL\main.cpp(509,23): warning C4244:  'argumento': conversão de 'double' para 'GLint', possível perda de dados
C:\Users\denys\Dropbox\FlappyGL\FlappyGL\main.cpp(509,13): warning C4244:  'argumento': conversão de 'double' para 'GLint', possível perda de dados
C:\Users\denys\Dropbox\FlappyGL\FlappyGL\main.cpp(510,23): warning C4244:  'argumento': conversão de 'double' para 'GLint', possível perda de dados
C:\Users\denys\Dropbox\FlappyGL\FlappyGL\main.cpp(510,13): warning C4244:  'argumento': conversão de 'double' para 'GLint', possível perda de dados
C:\Users\denys\Dropbox\FlappyGL\FlappyGL\main.cpp(511,23): warning C4244:  'argumento': conversão de 'double' para 'GLint', possível perda de dados
C:\Users\denys\Dropbox\FlappyGL\FlappyGL\main.cpp(511,13): warning C4244:  'argumento': conversão de 'double' para 'GLint', possível perda de dados
C:\Users\denys\Dropbox\FlappyGL\FlappyGL\main.cpp(512,23): warning C4244:  'argumento': conversão de 'double' para 'GLint', possível perda de dados
C:\Users\denys\Dropbox\FlappyGL\FlappyGL\main.cpp(512,13): warning C4244:  'argumento': conversão de 'double' para 'GLint', possível perda de dados
C:\Users\denys\Dropbox\FlappyGL\FlappyGL\main.cpp(517,23): warning C4244:  'argumento': conversão de 'double' para 'GLint', possível perda de dados
C:\Users\denys\Dropbox\FlappyGL\FlappyGL\main.cpp(517,13): warning C4244:  'argumento': conversão de 'double' para 'GLint', possível perda de dados
C:\Users\denys\Dropbox\FlappyGL\FlappyGL\main.cpp(518,23): warning C4244:  'argumento': conversão de 'double' para 'GLint', possível perda de dados
C:\Users\denys\Dropbox\FlappyGL\FlappyGL\main.cpp(518,13): warning C4244:  'argumento': conversão de 'double' para 'GLint', possível perda de dados
C:\Users\denys\Dropbox\FlappyGL\FlappyGL\main.cpp(519,23): warning C4244:  'argumento': conversão de 'double' para 'GLint', possível perda de dados
C:\Users\denys\Dropbox\FlappyGL\FlappyGL\main.cpp(519,13): warning C4244:  'argumento': conversão de 'double' para 'GLint', possível perda de dados
C:\Users\denys\Dropbox\FlappyGL\FlappyGL\main.cpp(520,23): warning C4244:  'argumento': conversão de 'double' para 'GLint', possível perda de dados
C:\Users\denys\Dropbox\FlappyGL\FlappyGL\main.cpp(520,13): warning C4244:  'argumento': conversão de 'double' para 'GLint', possível perda de dados
C:\Users\denys\Dropbox\FlappyGL\FlappyGL\main.cpp(525,23): warning C4244:  'argumento': conversão de 'double' para 'GLint', possível perda de dados
C:\Users\denys\Dropbox\FlappyGL\FlappyGL\main.cpp(525,13): warning C4244:  'argumento': conversão de 'double' para 'GLint', possível perda de dados
C:\Users\denys\Dropbox\FlappyGL\FlappyGL\main.cpp(526,23): warning C4244:  'argumento': conversão de 'double' para 'GLint', possível perda de dados
C:\Users\denys\Dropbox\FlappyGL\FlappyGL\main.cpp(526,13): warning C4244:  'argumento': conversão de 'double' para 'GLint', possível perda de dados
C:\Users\denys\Dropbox\FlappyGL\FlappyGL\main.cpp(527,23): warning C4244:  'argumento': conversão de 'double' para 'GLint', possível perda de dados
C:\Users\denys\Dropbox\FlappyGL\FlappyGL\main.cpp(527,13): warning C4244:  'argumento': conversão de 'double' para 'GLint', possível perda de dados
C:\Users\denys\Dropbox\FlappyGL\FlappyGL\main.cpp(528,23): warning C4244:  'argumento': conversão de 'double' para 'GLint', possível perda de dados
C:\Users\denys\Dropbox\FlappyGL\FlappyGL\main.cpp(528,13): warning C4244:  'argumento': conversão de 'double' para 'GLint', possível perda de dados
C:\Users\denys\Dropbox\FlappyGL\FlappyGL\main.cpp(533,23): warning C4244:  'argumento': conversão de 'double' para 'GLint', possível perda de dados
C:\Users\denys\Dropbox\FlappyGL\FlappyGL\main.cpp(533,13): warning C4244:  'argumento': conversão de 'double' para 'GLint', possível perda de dados
C:\Users\denys\Dropbox\FlappyGL\FlappyGL\main.cpp(534,23): warning C4244:  'argumento': conversão de 'double' para 'GLint', possível perda de dados
C:\Users\denys\Dropbox\FlappyGL\FlappyGL\main.cpp(534,13): warning C4244:  'argumento': conversão de 'double' para 'GLint', possível perda de dados
C:\Users\denys\Dropbox\FlappyGL\FlappyGL\main.cpp(535,23): warning C4244:  'argumento': conversão de 'double' para 'GLint', possível perda de dados
C:\Users\denys\Dropbox\FlappyGL\FlappyGL\main.cpp(535,13): warning C4244:  'argumento': conversão de 'double' para 'GLint', possível perda de dados
C:\Users\denys\Dropbox\FlappyGL\FlappyGL\main.cpp(536,23): warning C4244:  'argumento': conversão de 'double' para 'GLint', possível perda de dados
C:\Users\denys\Dropbox\FlappyGL\FlappyGL\main.cpp(536,13): warning C4244:  'argumento': conversão de 'double' para 'GLint', possível perda de dados
C:\Users\denys\Dropbox\FlappyGL\FlappyGL\main.cpp(543,11): warning C4244:  'inicializando': conversão de 'double' para 'int', possível perda de dados
C:\Users\denys\Dropbox\FlappyGL\FlappyGL\main.cpp(544,12): warning C4244:  'inicializando': conversão de 'double' para 'int', possível perda de dados
C:\Users\denys\Dropbox\FlappyGL\FlappyGL\main.cpp(665,27): warning C4805:  '==': mistura não segura de tipo 'BOOLEAN' e tipo 'bool' em operação
  FlappyGL.vcxproj -> C:\Users\denys\Dropbox\FlappyGL\Debug\FlappyGL.exe
